root@fac835f91e7d:~# PS1="[\u@container:\w ] $ "
[root@container:~ ] $ cd ./mount_docker-container/; \
>   buildKernel() {
    #---------- UML kernel build
    # choose x64, check ext2, ext3, & ext4
    make mrproper ARCH=um && make defconfig ARCH=um && make menuconfig ARCH=um
    rm -rf ./root_fs

    # fix error: "PROT_EXEC mmap in /dev/shm/...failed: Operation not permitted"
    mkdir /tmp/uml; chown root.root /tmp/uml; chmod 777 /tmp/uml;
    export TMPDIR=/tmp/uml

    # build kernel (UML binary)
    make -j$(nproc) ARCH=um && ls -l linux
  }
[root@container:~/mount_docker-container ] $ cd ./kernel; buildKernel;
  CLEAN   arch/um/kernel
  CLEAN   arch/x86/um/vdso
  CLEAN   arch/x86/um
  CLEAN   scripts/basic
  CLEAN   scripts/kconfig
  CLEAN   scripts/mod
  CLEAN   scripts
  CLEAN   arch/x86/include/generated include/config include/generated arch/um/include/generated .config .config.old
  HOSTCC  scripts/basic/fixdep
  HOSTCC  scripts/kconfig/conf.o
  HOSTCC  scripts/kconfig/confdata.o
  HOSTCC  scripts/kconfig/expr.o
  LEX     scripts/kconfig/lexer.lex.c
  YACC    scripts/kconfig/parser.tab.[ch]
  HOSTCC  scripts/kconfig/lexer.lex.o
  HOSTCC  scripts/kconfig/menu.o
  HOSTCC  scripts/kconfig/parser.tab.o
  HOSTCC  scripts/kconfig/preprocess.o
  HOSTCC  scripts/kconfig/symbol.o
  HOSTCC  scripts/kconfig/util.o
  HOSTLD  scripts/kconfig/conf
*** Default configuration is based on 'x86_64_defconfig'
#
# configuration written to .config
#
  UPD     scripts/kconfig/mconf-cfg
  HOSTCC  scripts/kconfig/mconf.o
  HOSTCC  scripts/kconfig/lxdialog/checklist.o
  HOSTCC  scripts/kconfig/lxdialog/inputbox.o
  HOSTCC  scripts/kconfig/lxdialog/menubox.o
  HOSTCC  scripts/kconfig/lxdialog/textbox.o
  HOSTCC  scripts/kconfig/lxdialog/util.o
  HOSTCC  scripts/kconfig/lxdialog/yesno.o
  HOSTLD  scripts/kconfig/mconf
configuration written to .config

*** End of the configuration.
*** Execute 'make' to start the build or try 'make help'.

mkdir: cannot create directory '/tmp/uml': File exists
  SYNC    include/config/auto.conf.cmd
  WRAP    arch/x86/include/generated/uapi/asm/bpf_perf_event.h
  WRAP    arch/x86/include/generated/uapi/asm/errno.h
  WRAP    arch/x86/include/generated/uapi/asm/fcntl.h
  WRAP    arch/x86/include/generated/uapi/asm/ioctl.h
  WRAP    arch/x86/include/generated/uapi/asm/ioctls.h
  WRAP    arch/x86/include/generated/uapi/asm/ipcbuf.h
  WRAP    arch/x86/include/generated/uapi/asm/param.h
  WRAP    arch/x86/include/generated/uapi/asm/poll.h
  WRAP    arch/x86/include/generated/uapi/asm/resource.h
  WRAP    arch/x86/include/generated/uapi/asm/socket.h
  WRAP    arch/x86/include/generated/uapi/asm/sockios.h
  WRAP    arch/x86/include/generated/uapi/asm/termbits.h
  WRAP    arch/x86/include/generated/uapi/asm/termios.h
  WRAP    arch/x86/include/generated/uapi/asm/types.h
  SYSHDR  arch/x86/include/generated/uapi/asm/unistd_32.h
  SYSHDR  arch/x86/include/generated/uapi/asm/unistd_64.h
  SYSHDR  arch/x86/include/generated/uapi/asm/unistd_x32.h
  SYSTBL  arch/x86/include/generated/asm/syscalls_32.h
  SYSHDR  arch/x86/include/generated/asm/unistd_32_ia32.h
  SYSHDR  arch/x86/include/generated/asm/unistd_64_x32.h
  SYSTBL  arch/x86/include/generated/asm/syscalls_64.h
  WRAP    arch/x86/include/generated/asm/early_ioremap.h
  WRAP    arch/x86/include/generated/asm/export.h
  WRAP    arch/x86/include/generated/asm/irq_regs.h
  WRAP    arch/x86/include/generated/asm/mcs_spinlock.h
  WRAP    arch/x86/include/generated/asm/kmap_size.h
  WRAP    arch/x86/include/generated/asm/local64.h
  WRAP    arch/x86/include/generated/asm/module.lds.h
  WRAP    arch/x86/include/generated/asm/mmiowb.h
  WRAP    arch/x86/include/generated/asm/platform-feature.h
  WRAP    arch/x86/include/generated/asm/unaligned.h
  WRAP    arch/x86/include/generated/asm/rwonce.h
  UPD     include/config/kernel.release
  WRAP    arch/um/include/generated/asm/bpf_perf_event.h
  WRAP    arch/um/include/generated/asm/bug.h
  WRAP    arch/um/include/generated/asm/compat.h
  WRAP    arch/um/include/generated/asm/current.h
  WRAP    arch/um/include/generated/asm/device.h
  WRAP    arch/um/include/generated/asm/dma-mapping.h
  WRAP    arch/um/include/generated/asm/emergency-restart.h
  WRAP    arch/um/include/generated/asm/exec.h
  WRAP    arch/um/include/generated/asm/extable.h
  WRAP    arch/um/include/generated/asm/fb.h
  WRAP    arch/um/include/generated/asm/ftrace.h
  WRAP    arch/um/include/generated/asm/hw_irq.h
  WRAP    arch/um/include/generated/asm/irq_regs.h
  WRAP    arch/um/include/generated/asm/irq_work.h
  WRAP    arch/um/include/generated/asm/kdebug.h
  WRAP    arch/um/include/generated/asm/mcs_spinlock.h
  WRAP    arch/um/include/generated/asm/module.lds.h
  WRAP    arch/um/include/generated/asm/mmiowb.h
  WRAP    arch/um/include/generated/asm/param.h
  WRAP    arch/um/include/generated/asm/parport.h
  WRAP    arch/um/include/generated/asm/percpu.h
  WRAP    arch/um/include/generated/asm/preempt.h
  WRAP    arch/um/include/generated/asm/softirq_stack.h
  WRAP    arch/um/include/generated/asm/switch_to.h
  WRAP    arch/um/include/generated/asm/topology.h
  WRAP    arch/um/include/generated/asm/trace_clock.h
  WRAP    arch/um/include/generated/asm/kprobes.h
  WRAP    arch/um/include/generated/asm/mm_hooks.h
  WRAP    arch/um/include/generated/asm/vga.h
  UPD     include/generated/uapi/linux/version.h
  UPD     include/generated/utsrelease.h
  HOSTCC  scripts/kallsyms
  CC      arch/x86/um/user-offsets.s
  UPD     include/generated/user_constants.h
  CC      scripts/mod/empty.o
  HOSTCC  scripts/mod/mk_elfconfig
  CC      scripts/mod/devicetable-offsets.s
  UPD     scripts/mod/devicetable-offsets.h
  MKELF   scripts/mod/elfconfig.h
  HOSTCC  scripts/mod/modpost.o
  HOSTCC  scripts/mod/sumversion.o
  HOSTCC  scripts/mod/file2alias.o
  HOSTLD  scripts/mod/modpost
  CC      kernel/bounds.s
  CALL    scripts/atomic/check-atomics.sh
  UPD     include/generated/timeconst.h
  UPD     include/generated/bounds.h
  CC      arch/um/kernel/asm-offsets.s
  UPD     include/generated/asm-offsets.h
  CALL    scripts/checksyscalls.sh
  CC      init/main.o
  CHK     include/generated/compile.h
  CC      init/do_mounts.o
  CC      init/noinitramfs.o
  CC      init/calibrate.o
  CC      init/init_task.o
  UPD     include/generated/compile.h
  AR      usr/built-in.a
  CC      init/version.o
  AR      arch/um/built-in.a
  CC      arch/um/kernel/skas/clone.o
  CC      arch/um/drivers/stdio_console.o
  CC      arch/um/kernel/skas/mmu.o
  CC      arch/um/drivers/fd.o
  LDS     arch/um/kernel/vmlinux.lds
  QUOTE   arch/um/kernel/config.tmp
  CC      arch/um/kernel/exec.o
  CC      arch/um/kernel/skas/process.o
  CC      arch/um/kernel/skas/syscall.o
  CC      arch/um/drivers/chan_kern.o
  CC      arch/um/kernel/exitcode.o
  CC      arch/um/drivers/chan_user.o
  CC      arch/um/kernel/skas/uaccess.o
  CC      arch/um/kernel/irq.o
  CC      arch/um/drivers/line.o
  CC      arch/um/drivers/ssl.o
  CC      arch/um/drivers/stderr_console.o
  CC      arch/um/kernel/ksyms.o
  AR      init/built-in.a
  CC      arch/um/os-Linux/drivers/ethertap_kern.o
  CC      arch/um/os-Linux/drivers/ethertap_user.o
  AR      arch/um/kernel/skas/built-in.a
  CC      arch/um/os-Linux/drivers/tuntap_kern.o
  CC      arch/um/kernel/mem.o
  CC      arch/um/kernel/physmem.o
  CC      arch/um/kernel/process.o
  CC      arch/um/os-Linux/drivers/tuntap_user.o
  CC      arch/um/drivers/slip_kern.o
  CC      arch/um/drivers/slip_user.o
  CC      arch/um/drivers/slip_common.o
  CC      arch/um/kernel/ptrace.o
  CC      arch/um/drivers/slirp_kern.o
  CC      arch/um/kernel/reboot.o
  CC      arch/um/os-Linux/skas/mem.o
  CC      arch/um/kernel/sigio.o
  AR      arch/um/os-Linux/drivers/built-in.a
  CC      arch/um/os-Linux/skas/process.o
  CC      arch/um/os-Linux/execvp.o
  CC      arch/um/os-Linux/file.o
  CC      arch/um/drivers/slirp_user.o
  CC      arch/um/kernel/signal.o
  CC      arch/um/kernel/sysrq.o
  CC      arch/um/drivers/daemon_kern.o
  CC      arch/um/os-Linux/helper.o
  CC      arch/um/kernel/time.o
  AR      arch/um/os-Linux/skas/built-in.a
  CC      arch/um/drivers/daemon_user.o
  CC      arch/um/os-Linux/irq.o
  CC      arch/um/kernel/tlb.o
  CC      arch/um/kernel/trap.o
  CC      arch/um/os-Linux/main.o
  CC      arch/um/os-Linux/mem.o
  CC      arch/um/kernel/um_arch.o
  CC      arch/um/os-Linux/process.o
  CC      arch/um/drivers/umcast_kern.o
  CC      arch/um/kernel/umid.o
  CC      arch/um/os-Linux/registers.o
  CC      arch/um/kernel/maccess.o
  CC      arch/um/drivers/umcast_user.o
  CC      arch/um/os-Linux/sigio.o
  CC      arch/um/os-Linux/signal.o
  CC      arch/um/drivers/net_kern.o
  CC      arch/um/kernel/kmsg_dump.o
  MKCAP   arch/um/kernel/capflags.c
  CC      arch/um/kernel/immortalCLang.o
  CC      arch/um/os-Linux/start_up.o
  CC      arch/um/os-Linux/time.o
  CC      arch/um/os-Linux/tty.o
  AR      arch/x86/crypto/built-in.a
  CC      arch/um/os-Linux/umid.o
  CC      arch/x86/um/os-Linux/registers.o
  LDS     arch/x86/um/vdso/vdso.lds
  CC      arch/um/kernel/load_file.o
  AS      arch/x86/um/vdso/vdso-note.o
  CC      arch/x86/um/os-Linux/task_size.o
  CC      arch/x86/um/vdso/um_vdso.o
  CC      arch/um/drivers/net_user.o
  CC      arch/um/kernel/early_printk.o
  CC      arch/um/os-Linux/user_syms.o
  CC      arch/x86/um/os-Linux/mcontext.o
  CC      arch/x86/um/vdso/vma.o
  CC      arch/x86/um/os-Linux/prctl.o
  CC      arch/um/kernel/stacktrace.o
  CC      arch/um/drivers/mconsole_kern.o
  AR      arch/x86/um/os-Linux/built-in.a
  CC      arch/x86/um/bugs_64.o
  CC      arch/um/os-Linux/util.o
  CC      arch/x86/um/delay.o
  CC      arch/x86/um/fault.o
  CC      arch/x86/um/ldt.o
  AR      arch/um/os-Linux/built-in.a
  VDSO    arch/x86/um/vdso/vdso.so.dbg
  OBJCOPY arch/x86/um/vdso/vdso.so
  AS      arch/x86/um/vdso/vdso.o
  CC      arch/x86/um/ptrace_64.o
  AR      certs/built-in.a
  QUOTE   arch/um/kernel/config.c
  AR      arch/x86/um/vdso/built-in.a
  CC      arch/x86/um/ptrace_user.o
  CC      kernel/sched/core.o
  CC      kernel/sched/fair.o
  CC      kernel/sched/build_policy.o
  CC      mm/filemap.o
  CC      arch/um/drivers/mconsole_user.o
  CC      mm/mempool.o
  CC      arch/um/drivers/ubd_kern.o
  AS      arch/x86/um/setjmp_64.o
  CC      arch/x86/um/signal.o
  AS      arch/x86/um/stub_64.o
  CC      fs/notify/dnotify/dnotify.o
  CC      arch/x86/um/stub_segv.o
  CC      arch/x86/um/sys_call_table_64.o
  CC      kernel/sched/build_utility.o
  CC      arch/x86/um/sysrq_64.o
  CC      arch/um/drivers/ubd_user.o
  CC      arch/um/drivers/null.o
  AR      fs/notify/dnotify/built-in.a
  CC      fs/notify/inotify/inotify_fsnotify.o
  CC      fs/notify/inotify/inotify_user.o
  CC      arch/um/drivers/port_kern.o
  CC      arch/x86/um/tls_64.o
  CC      arch/x86/um/mem_64.o
  AR      fs/notify/fanotify/built-in.a
  CC      mm/oom_kill.o
  CC      arch/x86/um/../lib/csum-partial_64.o
  CC      fs/notify/fsnotify.o
  CC      arch/um/drivers/port_user.o
  CC      arch/um/drivers/pty.o
  CC      fs/notify/notification.o
  AS      arch/x86/um/../lib/memcpy_64.o
  CC      arch/x86/um/../kernel/module.o
  CC      arch/um/drivers/tty.o
  AR      fs/notify/inotify/built-in.a
  CC      arch/x86/um/syscalls_64.o
  CC      arch/um/drivers/xterm.o
  CC      arch/um/drivers/xterm_kern.o
  CC      fs/notify/group.o
  CC      fs/notify/mark.o
  AR      kernel/sched/built-in.a
  CC      kernel/locking/mutex.o
  CC      fs/notify/fdinfo.o
  CC      mm/fadvise.o
  CC      arch/um/drivers/cow_user.o
  AR      arch/x86/um/built-in.a
  CC      ipc/util.o
  CC      arch/um/drivers/random.o
  CC [M]  arch/um/drivers/hostaudio_kern.o
  CC      ipc/msgutil.o
  CC      kernel/locking/semaphore.o
  AR      fs/notify/built-in.a
  CC      fs/iomap/trace.o
  CC      mm/maccess.o
  CC      ipc/msg.o
  AR      arch/um/drivers/built-in.a
  LD [M]  arch/um/drivers/hostaudio.o
  CC      ipc/sem.o
  CC      security/commoncap.o
  CC      kernel/locking/rwsem.o
  CC      fs/iomap/iter.o
  CC      mm/page-writeback.o
  CC      security/min_addr.o
  CC      security/device_cgroup.o
  CC      ipc/shm.o
  CC      fs/iomap/buffered-io.o
  CC      kernel/locking/percpu-rwsem.o
  CC      kernel/power/qos.o
  CC      kernel/locking/rtmutex_api.o
  CC      kernel/power/main.o
  CC      arch/um/kernel/config.o
  CC      arch/um/kernel/capflags.o
  CC      mm/folio-compat.o
  AR      arch/um/kernel/built-in.a
  CC      kernel/power/process.o
  AR      security/built-in.a
  CC      ipc/syscall.o
  CC      ipc/ipc_sysctl.o
  CC      kernel/power/suspend.o
  AR      kernel/locking/built-in.a
  CC      kernel/printk/printk.o
  CC      fs/iomap/direct-io.o
  CC      fs/iomap/fiemap.o
  CC      ipc/mqueue.o
  CC      ipc/namespace.o
  CC      mm/readahead.o
  CC      kernel/power/poweroff.o
  CC      ipc/mq_sysctl.o
  CC      fs/quota/dquot.o
  AR      kernel/power/built-in.a
  CC      kernel/irq/irqdesc.o
  CC      fs/proc/task_mmu.o
  CC      fs/iomap/seek.o
  CC      fs/proc/inode.o
  CC      mm/swap.o
  CC      kernel/irq/handle.o
  CC      fs/iomap/swapfile.o
  AR      ipc/built-in.a
  CC      mm/truncate.o
  CC      kernel/printk/printk_safe.o
  CC      mm/vmscan.o
  CC      kernel/irq/manage.o
  CC      fs/proc/root.o
  CC      kernel/printk/printk_ringbuffer.o
  AR      fs/iomap/built-in.a
  CC      kernel/irq/spurious.o
  CC      mm/shmem.o
  CC      fs/quota/quota.o
  CC      mm/util.o
  CC      kernel/irq/resend.o
  CC      fs/proc/base.o
  CC      kernel/printk/sysctl.o
  AR      kernel/printk/built-in.a
  CC      kernel/rcu/update.o
  CC      kernel/irq/chip.o
  CC      kernel/irq/dummychip.o
  CC      mm/mmzone.o
  CC      mm/vmstat.o
  CC      mm/backing-dev.o
  CC      kernel/rcu/sync.o
  CC      fs/quota/kqid.o
  CC      kernel/irq/devres.o
  CC      mm/mm_init.o
  CC      kernel/rcu/srcutiny.o
  AR      fs/quota/built-in.a
  CC      fs/proc/generic.o
  CC      fs/proc/array.o
  CC      mm/percpu.o
  CC      kernel/irq/proc.o
  CC      mm/slab_common.o
  CC      kernel/rcu/tiny.o
  CC      mm/compaction.o
  CC      mm/vmacache.o
  CC      fs/proc/fd.o
  CC      kernel/irq/pm.o
  AR      kernel/livepatch/built-in.a
  AR      kernel/rcu/built-in.a
  CC      fs/proc/proc_tty.o
  CC      fs/kernfs/mount.o
  CC      fs/kernfs/inode.o
  CC      mm/interval_tree.o
  CC      mm/list_lru.o
  CC      mm/workingset.o
  AR      kernel/irq/built-in.a
  CC      fs/proc/cmdline.o
  CC      kernel/dma/remap.o
  CC      fs/kernfs/dir.o
  AR      kernel/entry/built-in.a
  CC      fs/kernfs/file.o
  CC      mm/debug.o
  CC      mm/gup.o
  CC      fs/proc/consoles.o
  CC      fs/kernfs/symlink.o
  AR      kernel/dma/built-in.a
  CC      kernel/module/main.o
  CC      mm/mmap_lock.o
  CC      mm/highmem.o
  CC      fs/proc/cpuinfo.o
  CC      fs/proc/devices.o
  CC      fs/proc/interrupts.o
  AR      fs/kernfs/built-in.a
  CC      fs/sysfs/file.o
  CC      fs/devpts/inode.o
  CC      fs/sysfs/dir.o
  CC      kernel/module/strict_rwx.o
  CC      fs/proc/loadavg.o
  CC      fs/proc/meminfo.o
  CC      mm/memory.o
  CC      fs/sysfs/symlink.o
  CC      kernel/module/kallsyms.o
  CC      fs/sysfs/mount.o
  CC      fs/proc/stat.o
  AR      fs/devpts/built-in.a
  CC      fs/reiserfs/bitmap.o
  CC      fs/ext4/balloc.o
  CC      fs/ext2/balloc.o
  CC      fs/ext4/bitmap.o
  CC      fs/sysfs/group.o
  CC      kernel/module/procfs.o
  CC      fs/proc/uptime.o
  CC      fs/ext4/block_validity.o
  CC      fs/proc/util.o
  AR      fs/sysfs/built-in.a
  CC      fs/jbd2/transaction.o
  CC      fs/ext2/dir.o
  CC      kernel/module/sysfs.o
  CC      fs/ext4/dir.o
  CC      fs/reiserfs/do_balan.o
  CC      fs/proc/version.o
  AR      kernel/module/built-in.a
  CC      kernel/time/time.o
  CC      fs/ext4/ext4_jbd2.o
  CC      fs/proc/softirqs.o
  CC      fs/ext2/file.o
  CC      mm/mincore.o
  CC      fs/ext4/extents.o
  CC      fs/jbd2/commit.o
fs/ext2/file.c: In function 'ext2_fsync':
fs/ext2/file.c:159:2: warning: ISO C90 forbids mixed declarations and code [-Wdeclaration-after-statement]
  159 |  int ret;
      |  ^~~
  CC      fs/proc/namespaces.o
  CC      fs/reiserfs/namei.o
  CC      kernel/time/timer.o
  CC      fs/ext2/ialloc.o
  CC      fs/ext4/extents_status.o
  CC      mm/mlock.o
  CC      fs/proc/self.o
  CC      fs/ext2/inode.o
  CC      fs/jbd2/recovery.o
  CC      kernel/time/hrtimer.o
  CC      fs/proc/thread_self.o
  CC      fs/reiserfs/inode.o
  CC      mm/mmap.o
  CC      mm/mmu_gather.o
  CC      fs/proc/proc_sysctl.o
  CC      fs/jbd2/checkpoint.o
  CC      fs/ext2/ioctl.o
  CC      kernel/time/timekeeping.o
  CC      mm/mprotect.o
  CC      fs/ext4/file.o
  CC      fs/ext2/namei.o
  CC      fs/jbd2/revoke.o
  CC      fs/reiserfs/file.o
  CC      mm/mremap.o
  CC      fs/proc/proc_net.o
  CC      mm/msync.o
  CC      fs/ext2/super.o
  CC      kernel/time/ntp.o
  CC      fs/ext4/fsmap.o
  CC      fs/jbd2/journal.o
  CC      fs/reiserfs/dir.o
  CC      mm/page_vma_mapped.o
  CC      fs/proc/kcore.o
  CC      mm/pagewalk.o
  CC      kernel/time/clocksource.o
  CC      fs/reiserfs/fix_node.o
  CC      fs/ext4/fsync.o
  CC      fs/reiserfs/super.o
  CC      fs/ext2/symlink.o
  CC      mm/pgtable-generic.o
  CC      fs/proc/kmsg.o
  CC      kernel/time/jiffies.o
  AR      fs/ext2/built-in.a
  CC      fs/ramfs/inode.o
  CC      fs/proc/page.o
  CC      kernel/time/timer_list.o
  CC      fs/ext4/hash.o
  AR      fs/jbd2/built-in.a
  CC      fs/ramfs/file-mmu.o
  CC      mm/rmap.o
  AR      fs/ramfs/built-in.a
  CC      fs/exportfs/expfs.o
  CC      fs/reiserfs/prints.o
  CC      kernel/time/timeconv.o
  CC      fs/ext4/ialloc.o
  AR      fs/proc/built-in.a
  CC      crypto/api.o
  CC      fs/ext4/indirect.o
  CC      fs/reiserfs/objectid.o
  CC      kernel/time/timecounter.o
  AR      fs/exportfs/built-in.a
  CC      fs/nls/nls_base.o
  CC      kernel/time/alarmtimer.o
  CC      mm/vmalloc.o
  CC      crypto/cipher.o
  CC      fs/reiserfs/lbalance.o
  AR      fs/nls/built-in.a
  AR      fs/unicode/built-in.a
  CC      fs/reiserfs/ibalance.o
  CC      fs/hostfs/hostfs_kern.o
  CC      kernel/time/posix-timers.o
  CC      crypto/compress.o
  CC      fs/ext4/inline.o
  CC      fs/ext4/inode.o
  CC      crypto/algapi.o
  CC      fs/reiserfs/stree.o
  CC      fs/reiserfs/hashes.o
  CC      fs/hostfs/hostfs_user.o
  AR      fs/hostfs/built-in.a
  CC      kernel/time/posix-cpu-timers.o
  CC [M]  fs/isofs/namei.o
  CC      fs/reiserfs/tail_conversion.o
  CC      mm/process_vm_access.o
  CC      crypto/scatterwalk.o
  CC [M]  fs/isofs/inode.o
  CC      fs/ext4/ioctl.o
  CC      fs/ext4/mballoc.o
  CC      fs/reiserfs/journal.o
  CC      mm/page_alloc.o
  CC      kernel/time/posix-clock.o
  CC      crypto/proc.o
  CC [M]  fs/isofs/dir.o
  CC      crypto/ahash.o
  CC      kernel/time/itimer.o
  CC      mm/init-mm.o
  CC      fs/ext4/migrate.o
  CC [M]  fs/isofs/util.o
  CC      kernel/time/clockevents.o
  CC      crypto/shash.o
  CC      mm/memblock.o
  CC [M]  fs/isofs/rock.o
  CC      kernel/time/tick-common.o
  CC      fs/ext4/mmp.o
  CC      fs/reiserfs/resize.o
  CC      crypto/crc32c_generic.o
  CC      mm/madvise.o
  CC [M]  fs/isofs/export.o
  CC      kernel/time/tick-oneshot.o
  AR      crypto/built-in.a
  CC      fs/reiserfs/item_ops.o
  CC [M]  fs/isofs/joliet.o
  CC      block/partitions/core.o
  CC      block/bdev.o
  CC      kernel/time/tick-sched.o
  CC      fs/ext4/move_extent.o
  CC      fs/ext4/namei.o
  LD [M]  fs/isofs/isofs.o
  CC [M]  fs/autofs/init.o
  CC      mm/page_io.o
  CC      block/partitions/msdos.o
  CC      fs/reiserfs/ioctl.o
  CC [M]  fs/autofs/inode.o
  AR      kernel/time/built-in.a
  CC      block/fops.o
  CC      kernel/futex/core.o
  CC      fs/ext4/page-io.o
  CC      fs/reiserfs/xattr.o
  CC      block/partitions/efi.o
  CC      mm/swap_state.o
  CC [M]  fs/autofs/root.o
  CC      kernel/futex/syscalls.o
  CC      fs/reiserfs/lock.o
  CC      block/bio.o
  CC      kernel/cgroup/cgroup.o
  AR      block/partitions/built-in.a
  CC [M]  fs/autofs/symlink.o
  CC      kernel/bpf/core.o
  CC      mm/swapfile.o
  CC      fs/ext4/readpage.o
  AR      fs/reiserfs/built-in.a
  CC      fs/open.o
  CC      kernel/futex/pi.o
  CC [M]  fs/autofs/waitq.o
  CC      fs/ext4/resize.o
  CC      kernel/futex/requeue.o
  CC      block/elevator.o
  CC [M]  fs/autofs/expire.o
  CC      kernel/futex/waitwake.o
  CC      fs/read_write.o
  CC [M]  fs/autofs/dev-ioctl.o
  AR      kernel/bpf/built-in.a
  CC      kernel/fork.o
  AR      kernel/futex/built-in.a
  CC      block/blk-core.o
  CC      block/blk-sysfs.o
  CC      mm/swap_slots.o
  LD [M]  fs/autofs/autofs4.o
  CC      fs/file_table.o
  CC      fs/ext4/super.o
  CC      mm/slab.o
  CC      fs/ext4/symlink.o
  CC      kernel/cgroup/rstat.o
  CC      block/blk-flush.o
  CC      fs/super.o
  CC      block/blk-settings.o
  CC      fs/ext4/sysfs.o
  CC      kernel/cgroup/namespace.o
  CC      block/blk-ioc.o
  CC      fs/char_dev.o
  CC      block/blk-map.o
  CC      kernel/cgroup/cgroup-v1.o
  CC      fs/ext4/xattr.o
  CC      fs/stat.o
  CC      mm/memfd.o
  CC      block/blk-merge.o
  CC      fs/exec.o
  CC      block/blk-timeout.o
  AR      mm/built-in.a
  CC      kernel/cgroup/freezer.o
  CC      io_uring/io_uring.o
  CC      fs/pipe.o
  CC      io_uring/io-wq.o
  CC      block/blk-lib.o
  CC      kernel/cgroup/legacy_freezer.o
  CC      fs/ext4/xattr_hurd.o
  CC      fs/namei.o
  CC      block/blk-mq.o
  CC      fs/ext4/xattr_trusted.o
  AR      kernel/cgroup/built-in.a
  CC      kernel/exec_domain.o
  CC      fs/fcntl.o
  CC      fs/ext4/xattr_user.o
  CC      fs/ext4/fast_commit.o
  CC      fs/ext4/orphan.o
  CC      kernel/panic.o
  CC      kernel/cpu.o
  CC      fs/ioctl.o
  CC      kernel/exit.o
  CC      kernel/softirq.o
  CC      kernel/resource.o
  AR      fs/ext4/built-in.a
  CC      fs/readdir.o
  CC      fs/select.o
  CC      block/blk-mq-tag.o
  CC      fs/dcache.o
  CC      block/blk-stat.o
  CC      fs/inode.o
  CC      kernel/sysctl.o
  CC      kernel/capability.o
  CC      block/blk-mq-sysfs.o
  CC      block/blk-mq-cpumap.o
  CC      fs/attr.o
  CC      kernel/ptrace.o
  CC      block/blk-mq-sched.o
  CC      fs/bad_inode.o
  CC      block/ioctl.o
  CC      block/genhd.o
  CC      fs/file.o
  CC      kernel/user.o
  CC      kernel/signal.o
  CC      fs/filesystems.o
  CC      block/ioprio.o
  CC      block/badblocks.o
  CC      kernel/sys.o
  CC      block/blk-rq-qos.o
  CC      block/disk-events.o
  CC      block/blk-ia-ranges.o
  CC      fs/namespace.o
  AR      io_uring/built-in.a
  AR      drivers/irqchip/built-in.a
  AR      drivers/bus/mhi/host/built-in.a
  AR      drivers/pwm/built-in.a
  AR      drivers/bus/mhi/ep/built-in.a
  AR      drivers/bus/mhi/built-in.a
  AR      sound/built-in.a
  AR      drivers/bus/built-in.a
  CC [M]  sound/sound_core.o
  AR      drivers/pci/controller/dwc/built-in.a
  AR      drivers/pci/controller/mobiveil/built-in.a
  AR      drivers/pci/switch/built-in.a
  AR      drivers/pci/controller/built-in.a
  AR      drivers/pci/built-in.a
  AR      drivers/video/backlight/built-in.a
  CC      block/blk-cgroup.o
  AR      drivers/video/fbdev/core/built-in.a
  AR      drivers/video/fbdev/omap/built-in.a
  AR      drivers/video/fbdev/omap2/omapfb/dss/built-in.a
  CC      fs/seq_file.o
  AR      drivers/video/fbdev/omap2/omapfb/displays/built-in.a
  AR      drivers/idle/built-in.a
  AR      drivers/video/fbdev/omap2/omapfb/built-in.a
  CC      fs/xattr.o
  AR      drivers/video/fbdev/omap2/built-in.a
  AR      drivers/video/fbdev/built-in.a
  AR      drivers/video/built-in.a
  CC      kernel/umh.o
  AR      drivers/char/ipmi/built-in.a
  AR      drivers/amba/built-in.a
  AR      drivers/clk/actions/built-in.a
  AR      drivers/clk/analogbits/built-in.a
  LD [M]  sound/soundcore.o
  AR      drivers/clk/bcm/built-in.a
  CC      net/core/sock.o
  AR      drivers/clk/imgtec/built-in.a
  AR      drivers/clk/imx/built-in.a
  CC      net/ethernet/eth.o
  AR      drivers/clk/ingenic/built-in.a
  AR      drivers/clk/mediatek/built-in.a
  AR      drivers/clk/microchip/built-in.a
  AR      drivers/clk/mstar/built-in.a
  AR      drivers/clk/mvebu/built-in.a
  AR      drivers/clk/ralink/built-in.a
  AR      drivers/clk/renesas/built-in.a
  AR      drivers/clk/socfpga/built-in.a
  AR      drivers/clk/sprd/built-in.a
  AR      drivers/clk/sunxi-ng/built-in.a
  AR      drivers/clk/ti/built-in.a
  AR      drivers/clk/versatile/built-in.a
  AR      drivers/clk/xilinx/built-in.a
  AR      drivers/clk/built-in.a
  CC      fs/libfs.o
  AR      drivers/soc/apple/built-in.a
  CC      kernel/workqueue.o
  AR      drivers/soc/aspeed/built-in.a
  AR      drivers/soc/bcm/bcm63xx/built-in.a
  AR      drivers/soc/bcm/built-in.a
  AR      drivers/soc/fsl/built-in.a
  AR      drivers/soc/imx/built-in.a
  AR      drivers/virtio/built-in.a
  AR      drivers/soc/ixp4xx/built-in.a
  CC      block/mq-deadline.o
  AR      drivers/soc/mediatek/built-in.a
  AR      drivers/tty/vt/built-in.a
  AR      drivers/soc/microchip/built-in.a
  AR      drivers/tty/serial/built-in.a
  AR      drivers/soc/pxa/built-in.a
  AR      drivers/tty/ipwireless/built-in.a
  CC      drivers/tty/tty_io.o
  AR      drivers/soc/amlogic/built-in.a
  AR      drivers/soc/qcom/built-in.a
  AR      drivers/soc/renesas/built-in.a
  AR      drivers/soc/rockchip/built-in.a
  AR      drivers/soc/sunxi/built-in.a
  AR      drivers/soc/ti/built-in.a
  AR      drivers/soc/xilinx/built-in.a
  AR      net/ethernet/built-in.a
  AR      drivers/soc/built-in.a
  AR      net/802/built-in.a
  CC      drivers/tty/n_tty.o
  CC      net/sched/sch_generic.o
  CC      fs/fs-writeback.o
  CC      fs/pnode.o
  CC      block/kyber-iosched.o
  CC      fs/splice.o
  CC      drivers/tty/tty_ioctl.o
  CC      net/core/request_sock.o
  CC      block/blk-pm.o
  CC [M]  block/bfq-iosched.o
  CC      kernel/pid.o
  CC      drivers/tty/tty_ldisc.o
  CC      net/sched/sch_mq.o
  CC      fs/sync.o
  CC [M]  block/bfq-wf2q.o
  CC      net/sched/sch_frag.o
  CC      drivers/tty/tty_buffer.o
  CC      net/core/skbuff.o
  CC      kernel/task_work.o
  CC      drivers/tty/tty_port.o
  CC      fs/utimes.o
  CC      drivers/tty/tty_mutex.o
  CC [M]  block/bfq-cgroup.o
  CC      kernel/extable.o
  AR      net/sched/built-in.a
  CC      net/netlink/af_netlink.o
  CC      net/netlink/genetlink.o
  CC      fs/d_path.o
  AR      block/built-in.a
  CC      drivers/tty/tty_ldsem.o
  CC      drivers/tty/tty_baudrate.o
  CC      drivers/tty/tty_jobctrl.o
  LD [M]  block/bfq.o
  CC      kernel/params.o
  CC      fs/stack.o
  AR      virt/lib/built-in.a
  AR      virt/built-in.a
  CC      kernel/platform-feature.o
  AR      net/bpf/built-in.a
  CC      net/ethtool/ioctl.o
  CC      kernel/kthread.o
  CC      fs/fs_struct.o
  CC      drivers/tty/n_null.o
  CC      net/netlink/policy.o
  CC      fs/statfs.o
  CC      kernel/sys_ni.o
  CC      kernel/nsproxy.o
  CC      drivers/tty/pty.o
  CC      net/ethtool/common.o
  CC      net/ethtool/netlink.o
  CC      fs/fs_pin.o
  AR      net/netlink/built-in.a
  CC      net/ipv4/route.o
  CC      net/core/datagram.o
  CC      net/ipv4/inetpeer.o
  CC      fs/nsfs.o
  CC      kernel/notifier.o
  CC      drivers/tty/sysrq.o
  CC      fs/fs_types.o
  CC      net/ethtool/bitset.o
  CC      net/ethtool/strset.o
  CC      net/ipv4/protocol.o
  CC      fs/fs_context.o
  CC      kernel/ksysfs.o
  CC      net/core/stream.o
  AR      drivers/tty/built-in.a
  CC      drivers/char/hw_random/core.o
  CC      kernel/cred.o
  CC      net/ipv4/ip_input.o
  CC      fs/fs_parser.o
  CC      net/ethtool/linkinfo.o
  CC      net/ethtool/linkmodes.o
  CC      net/core/scm.o
  AR      drivers/char/hw_random/built-in.a
  AR      drivers/char/agp/built-in.a
  CC      drivers/char/mem.o
  CC      net/ipv4/ip_fragment.o
  CC      kernel/reboot.o
  CC      fs/fsopen.o
  CC      net/ethtool/linkstate.o
  CC      drivers/char/random.o
  CC      net/ethtool/debug.o
  CC      net/ipv4/ip_forward.o
  CC      net/core/gen_stats.o
  CC      fs/init.o
  CC      kernel/async.o
  CC      net/ipv4/ip_options.o
  CC      fs/kernel_read_file.o
  CC      net/ethtool/wol.o
  CC      kernel/range.o
  CC      net/core/gen_estimator.o
  CC      net/ethtool/features.o
  CC      kernel/smpboot.o
  CC      fs/remap_range.o
  CC      kernel/ucount.o
  CC      drivers/char/misc.o
  CC      kernel/regset.o
  CC      net/ethtool/privflags.o
  CC      net/ipv4/ip_output.o
  CC      kernel/kmod.o
  AR      drivers/char/built-in.a
  CC      net/ethtool/rings.o
  AR      drivers/iommu/amd/built-in.a
  CC      net/ethtool/channels.o
  AR      drivers/iommu/intel/built-in.a
  CC      net/core/net_namespace.o
  AR      drivers/iommu/arm/arm-smmu/built-in.a
  AR      drivers/iommu/arm/arm-smmu-v3/built-in.a
  CC      fs/buffer.o
  AR      drivers/iommu/arm/built-in.a
  AR      drivers/iommu/built-in.a
  AR      drivers/gpu/host1x/built-in.a
  AR      drivers/gpu/drm/arm/built-in.a
  AR      drivers/gpu/drm/display/built-in.a
  AR      drivers/gpu/drm/rcar-du/built-in.a
  AR      drivers/gpu/drm/omapdrm/built-in.a
  AR      drivers/gpu/drm/tilcdc/built-in.a
  AR      drivers/gpu/drm/imx/built-in.a
  AR      drivers/gpu/drm/i2c/built-in.a
  AR      drivers/gpu/drm/panel/built-in.a
  AR      drivers/gpu/drm/bridge/analogix/built-in.a
  AR      drivers/gpu/drm/bridge/cadence/built-in.a
  AR      drivers/gpu/drm/bridge/synopsys/built-in.a
  AR      drivers/gpu/drm/bridge/built-in.a
  AR      drivers/gpu/drm/hisilicon/built-in.a
  CC      kernel/groups.o
  AR      drivers/gpu/drm/tiny/built-in.a
  AR      drivers/gpu/vga/built-in.a
  AR      drivers/gpu/drm/xlnx/built-in.a
  CC      net/ethtool/coalesce.o
  AR      drivers/gpu/drm/gud/built-in.a
  AR      drivers/gpu/drm/solomon/built-in.a
  AR      drivers/gpu/drm/built-in.a
  AR      drivers/gpu/built-in.a
  CC      drivers/base/power/sysfs.o
  CC      drivers/base/firmware_loader/builtin/main.o
  CC      drivers/base/firmware_loader/main.o
  AR      drivers/base/firmware_loader/builtin/built-in.a
  CC      net/ethtool/pause.o
  CC      kernel/freezer.o
  CC      net/core/secure_seq.o
  CC      drivers/base/power/generic_ops.o
  CC      net/ethtool/eee.o
  CC      net/ipv4/ip_sockglue.o
  CC      drivers/base/power/common.o
  CC      kernel/stacktrace.o
  AR      drivers/base/firmware_loader/built-in.a
  CC      drivers/base/power/qos.o
  CC      fs/direct-io.o
  CC      net/core/flow_dissector.o
  CC      fs/mpage.o
  CC      drivers/base/power/runtime.o
  CC      kernel/up.o
  CC      net/ethtool/tsinfo.o
  AR      drivers/base/test/built-in.a
  CC      drivers/base/component.o
  CC      kernel/uid16.o
  CC      kernel/kallsyms.o
  CC      fs/proc_namespace.o
  CC      net/ethtool/cabletest.o
  CC      drivers/base/power/wakeirq.o
  CC      net/ipv4/inet_hashtables.o
  CC      drivers/base/core.o
  CC      net/ipv4/inet_timewait_sock.o
  CC      drivers/base/power/main.o
  CC      fs/eventpoll.o
  CC      net/core/sysctl_net_core.o
  CC      kernel/acct.o
  CC      net/ethtool/tunnels.o
  CC      net/ipv4/inet_connection_sock.o
  CC      net/core/dev.o
  CC      kernel/crash_core.o
  CC      net/ipv4/tcp.o
  CC      drivers/base/power/wakeup.o
  CC      kernel/utsname.o
  CC      net/ethtool/fec.o
  CC      fs/anon_inodes.o
  UPD     kernel/config_data
  CC      kernel/seccomp.o
  CC      net/ipv4/tcp_input.o
  CC      fs/signalfd.o
  CC      drivers/base/bus.o
  CC      drivers/base/power/wakeup_stats.o
  CC      net/ethtool/eeprom.o
  AR      drivers/base/power/built-in.a
  CC      drivers/base/dd.o
  CC      fs/timerfd.o
  CC      drivers/base/syscore.o
  CC      net/ethtool/stats.o
  CC      kernel/utsname_sysctl.o
  CC      drivers/base/driver.o
  CC      drivers/base/class.o
  CC      kernel/irq_work.o
  CC      fs/eventfd.o
  CC      net/ipv4/tcp_output.o
  CC      drivers/base/platform.o
  GZIP    kernel/config_data.gz
  CC      kernel/configs.o
  CC      drivers/base/cpu.o
  CC      net/ethtool/phc_vclocks.o
  AR      kernel/built-in.a
  CC      fs/aio.o
  CC      lib/math/div64.o
  CC      lib/math/gcd.o
  CC      lib/math/lcm.o
  CC      drivers/base/firmware.o
  CC      lib/math/int_pow.o
  CC      lib/math/int_sqrt.o
  CC      fs/locks.o
  CC      lib/math/reciprocal_div.o
  CC      net/ethtool/module.o
  CC      drivers/base/init.o
  CC      net/core/dev_addr_lists.o
  AR      lib/math/built-in.a
  CC      lib/crypto/chacha.o
  CC      lib/crypto/blake2s.o
  CC      net/ipv4/tcp_timer.o
  CC      drivers/base/map.o
  CC      drivers/base/devres.o
  CC      lib/crypto/blake2s-generic.o
  AR      net/ethtool/built-in.a
  CC      net/unix/af_unix.o
  CC      drivers/base/attribute_container.o
  CC      net/core/dst.o
  CC      net/unix/garbage.o
  CC      fs/binfmt_script.o
  AR      lib/crypto/built-in.a
  CC      lib/argv_split.o
  CC      lib/buildid.o
  CC      drivers/base/transport_class.o
  CC      fs/binfmt_elf.o
  CC      lib/cmdline.o
  CC      net/ipv4/tcp_ipv4.o
  CC      net/unix/sysctl_net_unix.o
  CC      drivers/base/topology.o
  CC      lib/ctype.o
  CC      lib/dec_and_lock.o
  CC      net/core/netevent.o
  CC      lib/decompress.o
  CC      lib/dump_stack.o
  CC      lib/earlycpio.o
  CC      lib/extable.o
  CC      drivers/base/container.o
  CC      lib/flex_proportions.o
  CC      net/unix/scm.o
  CC      lib/idr.o
  CC      net/core/neighbour.o
  CC      drivers/base/property.o
  CC      fs/mbcache.o
  CC      net/ipv6/addrconf_core.o
  CC      lib/irq_regs.o
  CC      lib/is_single_threaded.o
  CC      lib/klist.o
  CC      lib/kobject.o
  CC      fs/coredump.o
  AR      net/unix/built-in.a
  CC      net/ipv6/exthdrs_core.o
  CC      net/packet/af_packet.o
  CC      drivers/base/cacheinfo.o
  CC      net/ipv4/tcp_minisocks.o
  CC      drivers/base/swnode.o
  CC      lib/kobject_uevent.o
  CC      drivers/base/devtmpfs.o
  CC      fs/drop_caches.o
  CC      net/ipv6/ip6_checksum.o
  CC      drivers/base/module.o
  CC      lib/logic_pio.o
  CC      fs/fhandle.o
  CC [M]  fs/binfmt_misc.o
  AR      drivers/base/built-in.a
  AR      drivers/block/built-in.a
  CC [M]  drivers/block/loop.o
  CC      net/core/rtnetlink.o
  CC      net/ipv4/tcp_cong.o
  CC      lib/memcat_p.o
  CC      net/ipv6/ip6_icmp.o
  CC [M]  drivers/block/nbd.o
  CC      lib/memneq.o
  AR      fs/built-in.a
  LDS     scripts/module.lds
  CC      lib/nmi_backtrace.o
  CC      lib/nodemask.o
  AR      net/packet/built-in.a
  AR      net/wireless/built-in.a
  CC      net/devres.o
  CC      net/ipv6/output_core.o
  CC      lib/plist.o
  CC      lib/radix-tree.o
  CC      net/ipv4/tcp_metrics.o
  CC      lib/ratelimit.o
  CC      lib/rbtree.o
  CC      net/socket.o
  CC      lib/seq_buf.o
  CC      lib/sha1.o
  CC      net/ipv6/protocol.o
  CC      net/core/utils.o
  CC      lib/show_mem.o
  CC      lib/siphash.o
  AR      drivers/misc/eeprom/built-in.a
  AR      drivers/misc/cb710/built-in.a
  AR      drivers/misc/ti-st/built-in.a
  AR      drivers/misc/lis3lv02d/built-in.a
  AR      drivers/misc/cardreader/built-in.a
  AR      drivers/misc/built-in.a
  AR      drivers/mfd/built-in.a
  AR      drivers/nfc/built-in.a
  AR      drivers/cxl/core/built-in.a
  AR      drivers/cxl/built-in.a
  AR      drivers/macintosh/built-in.a
  AR      drivers/scsi/built-in.a
  CC      net/ipv6/ip6_offload.o
  AR      drivers/nvme/host/built-in.a
  CC      net/ipv4/tcp_fastopen.o
  AR      drivers/nvme/target/built-in.a
  AR      drivers/nvme/built-in.a
  CC      lib/string.o
  AR      drivers/net/phy/built-in.a
  AR      drivers/net/mdio/built-in.a
  AR      drivers/net/pcs/built-in.a
  AR      drivers/net/ethernet/8390/built-in.a
  AR      drivers/net/ethernet/alacritech/built-in.a
  AR      drivers/net/ethernet/amazon/built-in.a
  CC      lib/timerqueue.o
  AR      drivers/net/ethernet/aquantia/built-in.a
  AR      drivers/net/ethernet/arc/built-in.a
  AR      drivers/net/ethernet/asix/built-in.a
  AR      drivers/net/ethernet/cavium/common/built-in.a
  AR      drivers/net/ethernet/cavium/thunder/built-in.a
  AR      drivers/net/ethernet/cavium/liquidio/built-in.a
  AR      drivers/net/ethernet/cavium/octeon/built-in.a
  AR      drivers/net/ethernet/cavium/built-in.a
  AR      drivers/net/ethernet/cortina/built-in.a
  CC      lib/vsprintf.o
  AR      drivers/net/ethernet/engleder/built-in.a
  AR      drivers/net/ethernet/ezchip/built-in.a
  AR      drivers/net/ethernet/fungible/built-in.a
  AR      drivers/net/ethernet/google/built-in.a
  CC      lib/win_minmax.o
  AR      drivers/net/ethernet/huawei/built-in.a
  AR      drivers/net/ethernet/intel/built-in.a
  CC      net/core/link_watch.o
  AR      drivers/net/ethernet/i825xx/built-in.a
  AR      drivers/net/ethernet/microsoft/built-in.a
  AR      drivers/net/ethernet/litex/built-in.a
  AR      drivers/net/ethernet/marvell/octeon_ep/built-in.a
  AR      drivers/net/ethernet/marvell/octeontx2/built-in.a
  CC      net/core/filter.o
  CC      lib/xarray.o
  AR      drivers/net/ethernet/marvell/prestera/built-in.a
  AR      drivers/net/ethernet/marvell/built-in.a
  CC      net/sysctl_net.o
  AR      drivers/net/ethernet/microchip/built-in.a
  AR      drivers/net/ethernet/mscc/built-in.a
  AR      drivers/net/ethernet/natsemi/built-in.a
  AR      drivers/net/ethernet/netronome/built-in.a
  AR      drivers/net/ethernet/ni/built-in.a
  AR      drivers/net/ethernet/qualcomm/emac/built-in.a
  AR      drivers/net/ethernet/qualcomm/built-in.a
  CC      net/ipv6/tcpv6_offload.o
  AR      drivers/net/ethernet/renesas/built-in.a
  AR      drivers/net/ethernet/rocker/built-in.a
  CC      net/ipv4/tcp_rate.o
  AR      drivers/net/ethernet/samsung/built-in.a
  AR      drivers/net/ethernet/sfc/built-in.a
  AR      drivers/net/ethernet/socionext/built-in.a
  AR      drivers/net/ethernet/vertexcom/built-in.a
  AR      drivers/net/ethernet/via/built-in.a
  AR      drivers/net/ethernet/xilinx/built-in.a
  AR      drivers/net/ethernet/synopsys/built-in.a
  AR      drivers/net/ethernet/pensando/built-in.a
  AR      drivers/net/ethernet/built-in.a
  AR      drivers/net/wireless/admtek/built-in.a
  AR      drivers/net/wireless/ath/built-in.a
  AR      drivers/net/wireless/atmel/built-in.a
  AR      drivers/net/wireless/broadcom/built-in.a
  AR      drivers/net/wireless/cisco/built-in.a
  AR      drivers/net/wireless/intel/built-in.a
  AR      drivers/net/wireless/intersil/built-in.a
  AR      drivers/net/wireless/marvell/built-in.a
  CC      net/ipv4/tcp_recovery.o
  AR      drivers/net/wireless/mediatek/built-in.a
  AR      drivers/net/wireless/microchip/built-in.a
  AR      drivers/net/wireless/purelifi/built-in.a
  AR      drivers/net/wireless/quantenna/built-in.a
  AR      drivers/net/wireless/ralink/built-in.a
  AR      drivers/net/wireless/realtek/built-in.a
  AR      drivers/net/wireless/rsi/built-in.a
  AR      drivers/net/wireless/silabs/built-in.a
  AR      drivers/net/wireless/st/built-in.a
  AR      drivers/net/wireless/ti/built-in.a
  AR      drivers/net/wireless/zydas/built-in.a
  AR      drivers/net/wireless/built-in.a
  CC [M]  drivers/net/ppp/ppp_generic.o
  CC [M]  drivers/net/slip/slip.o
  CC      lib/lockref.o
  CC      net/ipv6/exthdrs_offload.o
  CC [M]  drivers/net/slip/slhc.o
  CC      net/ipv4/tcp_ulp.o
  CC      lib/bcd.o
  CC      net/ipv4/tcp_offload.o
  CC      lib/sort.o
  CC      lib/parser.o
  AR      net/ipv6/built-in.a
  CC      lib/debug_locks.o
  CC      lib/random32.o
  CC      lib/bust_spinlocks.o
  CC      lib/kasprintf.o
  CC      lib/bitmap.o
  CC      net/ipv4/datagram.o
  CC      net/ipv4/raw.o
  CC      drivers/net/loopback.o
  CC      lib/scatterlist.o
  CC [M]  drivers/net/dummy.o
  CC      net/ipv4/udp.o
  CC [M]  drivers/net/tun.o
  CC      net/ipv4/udplite.o
  AR      drivers/firewire/built-in.a
  CC      lib/list_sort.o
  CC      net/ipv4/udp_offload.o
  AR      drivers/net/built-in.a
  CC      net/core/sock_diag.o
  CC      lib/uuid.o
  CC      lib/iov_iter.o
  CC      net/ipv4/arp.o
  CC      net/ipv4/icmp.o
  CC      net/core/dev_ioctl.o
  CC      net/ipv4/devinet.o
  CC      net/ipv4/af_inet.o
  CC      lib/clz_ctz.o
  CC      net/ipv4/igmp.o
  CC      lib/bsearch.o
  CC      net/ipv4/fib_frontend.o
  CC      lib/find_bit.o
  CC      net/core/tso.o
  CC      lib/llist.o
  AR      drivers/cdrom/built-in.a
  AR      drivers/auxdisplay/built-in.a
  CC      drivers/input/serio/serio.o
  CC      drivers/input/keyboard/atkbd.o
  CC      lib/memweight.o
  CC      lib/kfifo.o
  CC      net/core/sock_reuseport.o
  CC      drivers/input/mouse/psmouse-base.o
  CC      drivers/input/serio/serport.o
  CC      drivers/input/input.o
  CC      net/ipv4/fib_semantics.o
  AR      drivers/input/keyboard/built-in.a
  CC      drivers/input/input-compat.o
  CC      lib/percpu-refcount.o
  CC      net/ipv4/fib_trie.o
  CC      drivers/input/serio/libps2.o
  CC      drivers/input/input-mt.o
  CC      lib/rhashtable.o
  CC      drivers/input/mouse/synaptics.o
  CC      net/core/fib_notifier.o
  AR      drivers/input/serio/built-in.a
  CC      drivers/input/input-poller.o
  CC      drivers/input/ff-core.o
  CC      drivers/input/touchscreen.o
  CC      drivers/input/ff-memless.o
  CC      net/ipv4/fib_notifier.o
  CC      net/core/xdp.o
  CC      lib/once.o
  CC      net/ipv4/inet_fragment.o
  CC      drivers/input/vivaldi-fmap.o
  CC      drivers/input/mouse/focaltech.o
  CC      lib/refcount.o
  AR      drivers/i2c/algos/built-in.a
  AR      drivers/i2c/busses/built-in.a
  AR      drivers/i2c/muxes/built-in.a
  AR      drivers/i2c/built-in.a
  AR      drivers/i3c/built-in.a
  AR      drivers/media/i2c/built-in.a
  AR      drivers/media/tuners/built-in.a
  AR      drivers/pps/clients/built-in.a
  CC      net/ipv4/ping.o
  AR      drivers/media/rc/keymaps/built-in.a
  AR      drivers/pps/generators/built-in.a
  CC      lib/usercopy.o
  AR      drivers/media/rc/built-in.a
  CC      drivers/pps/pps.o
  CC      lib/errseq.o
  AR      drivers/media/common/b2c2/built-in.a
  AR      drivers/media/common/saa7146/built-in.a
  AR      drivers/media/common/siano/built-in.a
  AR      drivers/media/common/v4l2-tpg/built-in.a
  CC      drivers/pps/kapi.o
  AR      drivers/media/common/videobuf2/built-in.a
  AR      drivers/media/common/built-in.a
  CC      lib/bucket_locks.o
  CC      drivers/input/mouse/alps.o
  AR      drivers/media/platform/allegro-dvt/built-in.a
  AR      drivers/media/platform/amlogic/meson-ge2d/built-in.a
  AR      drivers/media/platform/amlogic/built-in.a
  AR      drivers/media/platform/amphion/built-in.a
  CC      net/core/flow_offload.o
  AR      drivers/media/platform/aspeed/built-in.a
  AR      drivers/media/platform/atmel/built-in.a
  AR      drivers/media/platform/cadence/built-in.a
  AR      drivers/media/platform/chips-media/built-in.a
  AR      drivers/media/platform/intel/built-in.a
  AR      drivers/media/platform/marvell/built-in.a
  CC      lib/generic-radix-tree.o
  AR      drivers/media/platform/mediatek/jpeg/built-in.a
  CC      drivers/pps/sysfs.o
  AR      drivers/media/platform/mediatek/mdp/built-in.a
  CC      drivers/input/mouse/byd.o
  AR      drivers/media/platform/mediatek/vcodec/built-in.a
  AR      drivers/media/platform/mediatek/vpu/built-in.a
  AR      drivers/media/platform/mediatek/built-in.a
  AR      drivers/media/platform/nvidia/tegra-vde/built-in.a
  AR      drivers/media/platform/nvidia/built-in.a
  AR      drivers/media/platform/nxp/imx-jpeg/built-in.a
  AR      drivers/media/platform/nxp/built-in.a
  AR      drivers/media/platform/qcom/camss/built-in.a
  CC      drivers/input/mouse/logips2pp.o
  AR      drivers/media/platform/qcom/venus/built-in.a
  AR      drivers/media/platform/qcom/built-in.a
  CC      lib/string_helpers.o
  AR      drivers/media/platform/renesas/rcar-vin/built-in.a
  AR      drivers/media/platform/renesas/vsp1/built-in.a
  AR      drivers/pps/built-in.a
  CC      lib/hexdump.o
  AR      drivers/media/platform/renesas/built-in.a
  AR      drivers/media/platform/rockchip/rga/built-in.a
  AR      drivers/media/platform/rockchip/rkisp1/built-in.a
  AR      drivers/media/platform/rockchip/built-in.a
  AR      drivers/media/platform/samsung/exynos-gsc/built-in.a
  AR      drivers/media/platform/samsung/exynos4-is/built-in.a
  AR      drivers/media/platform/samsung/s3c-camif/built-in.a
  CC      lib/kstrtox.o
  CC      drivers/ptp/ptp_clock.o
  AR      drivers/media/platform/samsung/s5p-g2d/built-in.a
  CC      net/ipv4/ip_tunnel_core.o
  AR      drivers/media/platform/samsung/s5p-jpeg/built-in.a
  AR      drivers/media/platform/samsung/s5p-mfc/built-in.a
  AR      drivers/media/platform/samsung/built-in.a
  AR      drivers/media/platform/st/sti/bdisp/built-in.a
  CC      lib/hweight.o
  AR      drivers/media/platform/st/sti/c8sectpfe/built-in.a
  AR      drivers/media/platform/st/sti/delta/built-in.a
  CC      lib/bitrev.o
  CC      lib/crc16.o
  CC      net/core/gro.o
  AR      drivers/media/platform/st/sti/hva/built-in.a
  AR      drivers/media/platform/st/stm32/built-in.a
  HOSTCC  lib/gen_crc32table
  AR      drivers/media/platform/st/built-in.a
  CC      drivers/input/mouse/trackpoint.o
  AR      drivers/media/platform/sunxi/sun4i-csi/built-in.a
  CC      lib/errname.o
  AR      drivers/media/platform/ti/am437x/built-in.a
  AR      drivers/media/platform/sunxi/sun6i-csi/built-in.a
  CC      drivers/input/mouse/cypress_ps2.o
  AR      drivers/media/platform/ti/cal/built-in.a
  AR      drivers/media/platform/sunxi/sun8i-di/built-in.a
  AR      drivers/media/platform/ti/vpe/built-in.a
  AR      drivers/media/platform/sunxi/sun8i-rotate/built-in.a
  AR      drivers/media/platform/sunxi/built-in.a
  AR      drivers/media/platform/ti/davinci/built-in.a
  CC      lib/nlattr.o
  AR      drivers/media/platform/ti/omap/built-in.a
  CC      drivers/ptp/ptp_chardev.o
  CC      drivers/ptp/ptp_sysfs.o
  AR      drivers/media/platform/ti/omap3isp/built-in.a
  AR      drivers/media/platform/ti/built-in.a
  AR      drivers/media/platform/via/built-in.a
  CC      net/ipv4/gre_offload.o
  CC      net/ipv4/metrics.o
  AR      drivers/media/platform/xilinx/built-in.a
  AR      drivers/input/mouse/built-in.a
  AR      drivers/media/platform/built-in.a
  AR      drivers/input/built-in.a
  AR      drivers/power/built-in.a
  AR      drivers/mmc/built-in.a
  AR      drivers/media/pci/ttpci/built-in.a
  AR      drivers/media/pci/b2c2/built-in.a
  AR      drivers/media/usb/b2c2/built-in.a
  AR      drivers/media/pci/pluto2/built-in.a
  AR      drivers/media/usb/dvb-usb/built-in.a
  AR      drivers/media/pci/dm1105/built-in.a
  CC      net/core/net-sysfs.o
  AR      drivers/media/usb/dvb-usb-v2/built-in.a
  AR      drivers/media/pci/pt1/built-in.a
  AR      drivers/media/mmc/siano/built-in.a
  AR      drivers/media/usb/s2255/built-in.a
  AR      drivers/media/pci/pt3/built-in.a
  CC      drivers/ptp/ptp_vclock.o
  AR      drivers/media/mmc/built-in.a
  AR      drivers/media/pci/mantis/built-in.a
  AR      drivers/media/usb/siano/built-in.a
  CC      net/core/net-procfs.o
  AR      drivers/media/pci/ngene/built-in.a
  AR      drivers/media/usb/stkwebcam/built-in.a
  AR      drivers/media/pci/ddbridge/built-in.a
  AR      drivers/media/usb/ttusb-budget/built-in.a
  AR      drivers/media/pci/saa7146/built-in.a
  CC      lib/dynamic_queue_limits.o
  AR      drivers/media/usb/ttusb-dec/built-in.a
  AR      drivers/media/pci/smipcie/built-in.a
  AR      drivers/media/usb/zr364xx/built-in.a
  AR      drivers/media/pci/netup_unidvb/built-in.a
  AR      drivers/media/usb/built-in.a
  AR      drivers/media/pci/intel/ipu3/built-in.a
  CC      lib/net_utils.o
  AR      drivers/media/pci/intel/built-in.a
  CC      net/core/ptp_classifier.o
  AR      drivers/media/pci/built-in.a
  AR      drivers/media/firewire/built-in.a
  AR      drivers/media/spi/built-in.a
  AR      drivers/media/test-drivers/built-in.a
  AR      drivers/media/built-in.a
  CC      lib/sbitmap.o
  CC      net/ipv4/netlink.o
  CC      net/ipv4/nexthop.o
  AR      drivers/ptp/built-in.a
  AR      drivers/ufs/built-in.a
  AR      lib/lib.a
  GEN     lib/crc32table.h
  CC      net/ipv4/udp_tunnel_stub.o
  AR      drivers/crypto/xilinx/built-in.a
  AR      drivers/firmware/arm_ffa/built-in.a
  AR      drivers/crypto/hisilicon/built-in.a
  AR      drivers/firmware/arm_scmi/built-in.a
  AR      drivers/crypto/keembay/built-in.a
  AR      drivers/firmware/broadcom/built-in.a
  AR      drivers/crypto/built-in.a
  CC      lib/crc32.o
  AR      drivers/firmware/cirrus/built-in.a
  AR      drivers/firmware/meson/built-in.a
  AR      drivers/firmware/efi/built-in.a
  AR      drivers/clocksource/built-in.a
  AR      drivers/firmware/psci/built-in.a
  AR      drivers/firmware/imx/built-in.a
  CC      net/ipv4/sysctl_net_ipv4.o
  CC      drivers/hid/hid-core.o
  CC      net/ipv4/proc.o
  AR      net/core/built-in.a
  AR      drivers/firmware/smccc/built-in.a
  AR      drivers/firmware/tegra/built-in.a
  AR      drivers/firmware/xilinx/built-in.a
  CC      net/ipv4/inet_diag.o
  AR      drivers/firmware/built-in.a
  AR      drivers/platform/built-in.a
  AR      drivers/hwtracing/intel_th/built-in.a
  CC      net/ipv4/tcp_diag.o
  CC      net/ipv4/tcp_cubic.o
  AR      lib/built-in.a
  CC      drivers/hid/hid-input.o
  CC      drivers/hid/hid-quirks.o
  CC      drivers/hid/hid-generic.o
  CC      drivers/hid/hid-a4tech.o
  CC      drivers/hid/hid-belkin.o
  CC      drivers/hid/hid-cherry.o
  CC      drivers/hid/hid-cypress.o
  CC      drivers/hid/hid-ezkey.o
  CC      drivers/hid/hid-ite.o
  AR      net/ipv4/built-in.a
  AR      net/built-in.a
  CC      drivers/hid/hid-kensington.o
  CC      drivers/hid/hid-microsoft.o
  CC      drivers/hid/hid-monterey.o
  CC      drivers/hid/hid-redragon.o
  AR      drivers/hid/built-in.a
  AR      drivers/built-in.a
  GEN     .version
  CHK     include/generated/compile.h
  LD      vmlinux.o
  MODPOST vmlinux.symvers
  MODINFO modules.builtin.modinfo
  GEN     modules.builtin
  CC      .vmlinux.export.o
  LD      .tmp_vmlinux.kallsyms1
  KSYMS   .tmp_vmlinux.kallsyms1.S
  AS      .tmp_vmlinux.kallsyms1.S
  LD      .tmp_vmlinux.kallsyms2
  KSYMS   .tmp_vmlinux.kallsyms2.S
  AS      .tmp_vmlinux.kallsyms2.S
  LD      vmlinux
  SYSMAP  System.map
  LINK linux
  MODPOST modules-only.symvers
  GEN     Module.symvers
  CC [M]  arch/um/drivers/hostaudio.mod.o
  CC [M]  block/bfq.mod.o
  CC [M]  drivers/block/loop.mod.o
  CC [M]  drivers/block/nbd.mod.o
  CC [M]  drivers/net/dummy.mod.o
  CC [M]  drivers/net/ppp/ppp_generic.mod.o
  CC [M]  drivers/net/slip/slhc.mod.o
  CC [M]  drivers/net/slip/slip.mod.o
  CC [M]  drivers/net/tun.mod.o
  CC [M]  fs/autofs/autofs4.mod.o
  CC [M]  fs/binfmt_misc.mod.o
  CC [M]  fs/isofs/isofs.mod.o
  CC [M]  sound/soundcore.mod.o
  LD [M]  arch/um/drivers/hostaudio.ko
  LD [M]  block/bfq.ko
  LD [M]  drivers/block/loop.ko
  LD [M]  drivers/block/nbd.ko
  LD [M]  drivers/net/dummy.ko
  LD [M]  drivers/net/ppp/ppp_generic.ko
  LD [M]  drivers/net/slip/slhc.ko
  LD [M]  drivers/net/slip/slip.ko
  LD [M]  drivers/net/tun.ko
  LD [M]  fs/autofs/autofs4.ko
  LD [M]  fs/binfmt_misc.ko
  LD [M]  sound/soundcore.ko
  LD [M]  fs/isofs/isofs.ko
-rwxr-xr-x 2 root root 7489192 Sep 24 01:53 linux
[root@container:~/mount_docker-container/kernel ] $ cp -r ./linux /root/linux.binary; 
[root@container:~/mount_docker-container/kernel ] $
[root@container:~/mount_docker-container/kernel ] $ cd /root; \
>   createFS.ext2() {
    rm -rf ./fs_device_1
    dd if=/dev/zero of=fs_device_1 bs=1M count=5120
    mkfs.ext2 -L fs_device_1 fs_device_1
    mkdir -p /mnt/uml; mount -t ext2 -o loop fs_device_1 /mnt/uml
    df -h; lsblk | grep loop0; mount | grep uml;
    ls -lah /mnt/uml;
  }
[root@container:~/ ] $ createFS.ext2;
5120+0 records in
5120+0 records out
5368709120 bytes (5.4 GB, 5.0 GiB) copied, 3.18216 s, 1.7 GB/s
mke2fs 1.46.2 (28-Feb-2021)
Discarding device blocks: done
Creating filesystem with 1310720 4k blocks and 327680 inodes
Filesystem UUID: b6d7dc9e-6b93-4def-8321-7ba1decb5b4d
Superblock backups stored on blocks:
        32768, 98304, 163840, 229376, 294912, 819200, 884736

Allocating group tables: done
Writing inode tables: done
Writing superblocks and filesystem accounting information: done

Filesystem      Size  Used Avail Use% Mounted on
overlay         251G   46G  193G  20% /
tmpfs            64M     0   64M   0% /dev
tmpfs            15G     0   15G   0% /sys/fs/cgroup
shm              64M     0   64M   0% /dev/shm
/dev/sde        251G   26G  213G  11% /root/mount_docker-container
/dev/sdd        251G   46G  193G  20% /etc/hosts
/dev/loop3      5.0G   24K  4.7G   1% /mnt/uml
loop0   7:0    0 357.5M  1 loop
/root/fs_device_1 on /mnt/uml type ext2 (rw,relatime)
total 24K
drwxr-xr-x 3 root root 4.0K Sep 24 01:56 .
drwxr-xr-x 1 root root 4.0K Sep 24 01:56 ..
drwx------ 2 root root  16K Sep 24 01:56 lost+found
[root@container:~/ ] $
[root@container:~/ ] $ \
>   setupFS3() { # setup from downloaded file [STATUS: WORKS]
    mkdir -p /mnt/uml; mount -t ext4 -o loop root_fs /mnt/uml
    df -h; lsblk | grep loop0; mount | grep uml;
    echo "LABEL=ROOT_FS / ext4 defaults 0 0" > /mnt/uml/etc/fstab
  }
[root@container:~ ] $ setupFS3;
Filesystem      Size  Used Avail Use% Mounted on
overlay         251G   47G  192G  20% /
tmpfs            64M     0   64M   0% /dev
tmpfs            15G     0   15G   0% /sys/fs/cgroup
shm              64M     0   64M   0% /dev/shm
/dev/sde        251G   26G  213G  11% /root/mount_docker-container
/dev/sdd        251G   47G  192G  20% /etc/hosts
/dev/loop4      976M  301M  608M  34% /mnt/uml
loop0   7:0    0 357.5M  1 loop
/root/mount_docker-container/root_fs on /mnt/uml type ext2 (rw,relatime)
/root/root_fs on /mnt/uml type ext4 (rw,relatime)
[root@container:~ ] $
[root@container:~ ] $ ls -al
total 1057688
drwx------  1 root root       4096 Sep 24 02:24 .
drwxr-xr-x  1 root root       4096 Sep 24 01:36 ..
-rw-r--r--  1 root root        571 Apr 10  2021 .bashrc
-rw-r--r--  1 root root        161 Jul  9  2019 .profile
drwxr-xr-x  3 root root       4096 Sep 24 02:12 .uml
-rw-r--r--  1 root root        169 Sep 22 01:03 .wget-hsts
-rw-r--r--  1 root root 5368709120 Sep 24 02:24 fs_device_1
-rwxr-xr-x  1 root root    7489192 Sep 24 02:16 linux.binary
drwxrwxr-x 25 root root       4096 Sep 15 08:47 linux
drwxr-xr-x  3 root root       4096 Sep 24 01:56 mount_docker-container
-rw-r--r--  1 root root 1073741824 Sep 24 02:12 root_fs
[root@container:~/ ] $ \
>   startKernel2() {
    umount /mnt/uml*;

    # Run (username: root)
    ./linux.binary rootfstype=ext4 ubda=./root_fs ubdb=./fs_device_1 rw mem=128M init=/bin/sh TERM=linux umid=kernel # quiet                         }
[root@container:~ ] $ startKernel2;
[root@container:~ ] $ ./linux.binary rootfstype=ext4 ubda=./root_fs ubdb=./fs_device_1 rw mem=128M init=/bin/sh TERM=linux umid=kernel
Core dump limits :
        soft - 0
        hard - NONE
Checking that ptrace can change system call numbers...OK
Checking syscall emulation patch for ptrace...OK
Checking advanced syscall emulation patch for ptrace...OK
Checking environment variables for a tempdir.../tmp/uml
Checking if /tmp/uml is on tmpfs...no
Warning: tempdir /tmp/uml is not on tmpfs
Checking PROT_EXEC mmap in /tmp/uml...OK
Adding 17547264 bytes to physical memory to account for exec-shield gap
Linux version 5.19.9 (root@fac835f91e7d) (gcc (Debian 10.2.1-6) 10.2.1 20210110, GNU ld (GNU Binutils for Debian) 2.35.2) #1 Sat Sep 24 01:52:37 UTC 2022
Zone ranges:
  Normal   [mem 0x0000000000000000-0x00000000690bbfff]
Movable zone start for each node
Early memory node ranges
  node   0: [mem 0x0000000000000000-0x00000000090bbfff]
Initmem setup node 0 [mem 0x0000000000000000-0x00000000090bbfff]
random: crng init done
Built 1 zonelists, mobility grouping on.  Total pages: 36545
Kernel command line: rootfstype=ext4 ubda=./root_fs ubdb=./fs_device_1 rw mem=128M init=/bin/sh TERM=linux root=98:0 console=tty
Unknown kernel command line parameters "mem=128M", will be passed to user space.
Dentry cache hash table entries: 32768 (order: 6, 262144 bytes, linear)
Inode-cache hash table entries: 16384 (order: 5, 131072 bytes, linear)
Sorting __ex_table...
mem auto-init: stack:off, heap alloc:off, heap free:off
Memory: 122788K/148208K available (3292K kernel code, 1022K rwdata, 1132K rodata, 142K init, 168K bss, 25420K reserved, 0K cma-reserved)
NR_IRQS: 64
clocksource: timer: mask: 0xffffffffffffffff max_cycles: 0x1cd42e205, max_idle_ns: 881590404426 ns
Calibrating delay loop... 7818.44 BogoMIPS (lpj=39092224)
pid_max: default: 32768 minimum: 301
Mount-cache hash table entries: 512 (order: 0, 4096 bytes, linear)
Mountpoint-cache hash table entries: 512 (order: 0, 4096 bytes, linear)
Checking that host ptys support output SIGIO...Yes
devtmpfs: initialized
clocksource: jiffies: mask: 0xffffffff max_cycles: 0xffffffff, max_idle_ns: 19112604462750000 ns
futex hash table entries: 256 (order: 0, 6144 bytes, linear)
NET: Registered PF_NETLINK/PF_ROUTE protocol family
pps_core: LinuxPPS API ver. 1 registered
pps_core: Software ver. 5.3.6 - Copyright 2005-2007 Rodolfo Giometti <giometti@linux.it>
PTP clock support registered
clocksource: Switched to clocksource timer
VFS: Disk quotas dquot_6.6.0
VFS: Dquot-cache hash table entries: 512 (order 0, 4096 bytes)
NET: Registered PF_INET protocol family
IP idents hash table entries: 4096 (order: 3, 32768 bytes, linear)
tcp_listen_portaddr_hash hash table entries: 512 (order: 0, 4096 bytes, linear)
Table-perturb hash table entries: 65536 (order: 6, 262144 bytes, linear)
TCP established hash table entries: 2048 (order: 2, 16384 bytes, linear)
TCP bind hash table entries: 2048 (order: 2, 16384 bytes, linear)
TCP: Hash tables configured (established 2048 bind 2048)
UDP hash table entries: 256 (order: 1, 8192 bytes, linear)
UDP-Lite hash table entries: 256 (order: 1, 8192 bytes, linear)
NET: Registered PF_UNIX/PF_LOCAL protocol family
printk: console [stderr0] disabled
mconsole (version 2) initialized on /root/.uml/kernel/mconsole
Checking host MADV_REMOVE support...OK
workingset: timestamp_bits=62 max_order=15 bucket_order=0
io scheduler mq-deadline registered
io scheduler kyber registered
NET: Registered PF_PACKET protocol family
Initialized stdio console driver
Console initialized on /dev/tty0
printk: console [tty0] enabled
Initializing software serial port version 1
printk: console [mc-1] enabled
EXT4-fs (ubda): recovery complete
EXT4-fs (ubda): mounted filesystem with ordered data mode. Quota mode: none.
VFS: Mounted root (ext4 filesystem) on device 98:0.
devtmpfs: mounted
This architecture does not have kernel memory protection.
Run /bin/sh as init process
/bin/sh: 0: can't access tty; job control turned off
# 